d:\documents\university\year 2\module 1\assignment\snake project\snakegameassignment\snake\snake\debug\vc142.pdb
d:\documents\university\year 2\module 1\assignment\snake project\snakegameassignment\snake\snake\debug\vc142.idb
d:\documents\university\year 2\module 1\assignment\snake project\snakegameassignment\snake\snake\debug\vector2.obj
d:\documents\university\year 2\module 1\assignment\snake project\snakegameassignment\snake\snake\debug\musicmanager.obj
d:\documents\university\year 2\module 1\assignment\snake project\snakegameassignment\snake\snake\debug\snakesegment.obj
d:\documents\university\year 2\module 1\assignment\snake project\snakegameassignment\snake\snake\debug\snake.obj
d:\documents\university\year 2\module 1\assignment\snake project\snakegameassignment\snake\snake\debug\scoremanager.obj
d:\documents\university\year 2\module 1\assignment\snake project\snakegameassignment\snake\snake\debug\menurenderer.obj
d:\documents\university\year 2\module 1\assignment\snake project\snakegameassignment\snake\snake\debug\levelmanager.obj
d:\documents\university\year 2\module 1\assignment\snake project\snakegameassignment\snake\snake\debug\boundarymanager.obj
d:\documents\university\year 2\module 1\assignment\snake project\snakegameassignment\snake\snake\debug\helpers.obj
d:\documents\university\year 2\module 1\assignment\snake project\snakegameassignment\snake\snake\debug\game.obj
d:\documents\university\year 2\module 1\assignment\snake project\snakegameassignment\snake\snake\debug\fruit.obj
d:\documents\university\year 2\module 1\assignment\snake project\snakegameassignment\snake\snake\debug\framework.obj
d:\documents\university\year 2\module 1\assignment\snake project\snakegameassignment\snake\snake\debug\enemymanager.obj
d:\documents\university\year 2\module 1\assignment\snake project\snakegameassignment\snake\snake\debug\enemybase.obj
d:\documents\university\year 2\module 1\assignment\snake project\snakegameassignment\snake\snake\debug\characterbase.obj
d:\documents\university\year 2\module 1\assignment\snake project\snakegameassignment\snake\debug\snakeproject.exe
d:\documents\university\year 2\module 1\assignment\snake project\snakegameassignment\snake\debug\snakeproject.ilk
d:\documents\university\year 2\module 1\assignment\snake project\snakegameassignment\snake\debug\snakeproject.pdb
d:\documents\university\year 2\module 1\assignment\snake project\snakegameassignment\snake\snake\debug\snakeproject.tlog\cl.command.1.tlog
d:\documents\university\year 2\module 1\assignment\snake project\snakegameassignment\snake\snake\debug\snakeproject.tlog\cl.read.1.tlog
d:\documents\university\year 2\module 1\assignment\snake project\snakegameassignment\snake\snake\debug\snakeproject.tlog\cl.write.1.tlog
d:\documents\university\year 2\module 1\assignment\snake project\snakegameassignment\snake\snake\debug\snakeproject.tlog\link.command.1.tlog
d:\documents\university\year 2\module 1\assignment\snake project\snakegameassignment\snake\snake\debug\snakeproject.tlog\link.read.1.tlog
d:\documents\university\year 2\module 1\assignment\snake project\snakegameassignment\snake\snake\debug\snakeproject.tlog\link.write.1.tlog
